<?xml version="1.0" encoding="UTF-8"?>
<!-- Generated by org.testng.reporters.JUnitReportReporter -->
<testsuite hostname="DESKTOP-EAC00NF" failures="0" tests="1" name="stepDefination.Orangeloginstepdif" time="11.081" errors="0" timestamp="2024-09-13T22:16:50 IST" skipped="0">
  <testcase classname="stepDefination.Orangeloginstepdif" name="user_should_open_the_browser_and_enter_the_url" time="11.081"/>
</testsuite> <!-- stepDefination.Orangeloginstepdif -->
