<?xml version="1.0" encoding="UTF-8"?>
<!-- Generated by org.testng.reporters.JUnitReportReporter -->
<testsuite hostname="DESKTOP-EAC00NF" failures="0" tests="1" name="com.shoppersstack.stepDefination.PlaceOrder" time="9.335" errors="0" timestamp="2024-09-13T22:14:12 IST" skipped="0">
  <testcase classname="com.shoppersstack.stepDefination.PlaceOrder" name="user_should_open_the_browser_and_enter_the_shopersstack_url" time="9.335"/>
</testsuite> <!-- com.shoppersstack.stepDefination.PlaceOrder -->
