<?xml version="1.0" encoding="UTF-8"?>
<!-- Generated by org.testng.reporters.JUnitReportReporter -->
<testsuite hostname="DESKTOP-EAC00NF" failures="0" tests="2" name="job.Orange" time="7.515" errors="0" timestamp="2024-09-05T19:01:51 IST" skipped="0">
  <testcase classname="job.Orange" name="testMethod" time="4.625"/>
  <testcase classname="job.Orange" name="testMethod2" time="2.890"/>
</testsuite> <!-- job.Orange -->
